25-Jan-2021 16:04:47.163 信息 [main] org.apache.catalina.startup.VersionLoggerListener.log Server.服务器版本: Apache Tomcat/9.0.41
25-Jan-2021 16:04:47.166 信息 [main] org.apache.catalina.startup.VersionLoggerListener.log 服务器构建:        Dec 3 2020 11:43:00 UTC
25-Jan-2021 16:04:47.167 信息 [main] org.apache.catalina.startup.VersionLoggerListener.log 服务器版本号:      9.0.41.0
25-Jan-2021 16:04:47.167 信息 [main] org.apache.catalina.startup.VersionLoggerListener.log 操作系统名称:      Windows 10
25-Jan-2021 16:04:47.168 信息 [main] org.apache.catalina.startup.VersionLoggerListener.log OS.版本:           10.0
25-Jan-2021 16:04:47.168 信息 [main] org.apache.catalina.startup.VersionLoggerListener.log 架构:              amd64
25-Jan-2021 16:04:47.168 信息 [main] org.apache.catalina.startup.VersionLoggerListener.log Java 环境变量:     E:\IntelliJ IDEA 2020.3.1\JDK1.8\jre
25-Jan-2021 16:04:47.168 信息 [main] org.apache.catalina.startup.VersionLoggerListener.log Java虚拟机版本:    1.8.0_275-b01
25-Jan-2021 16:04:47.168 信息 [main] org.apache.catalina.startup.VersionLoggerListener.log JVM.供应商:        Amazon.com Inc.
25-Jan-2021 16:04:47.168 信息 [main] org.apache.catalina.startup.VersionLoggerListener.log CATALINA_BASE:     E:\apache-tomcat-9.0.41-windows-x64\apache-tomcat-9.0.41
25-Jan-2021 16:04:47.168 信息 [main] org.apache.catalina.startup.VersionLoggerListener.log CATALINA_HOME:     E:\apache-tomcat-9.0.41-windows-x64\apache-tomcat-9.0.41
25-Jan-2021 16:04:47.169 信息 [main] org.apache.catalina.startup.VersionLoggerListener.log 命令行参数：       -Djava.util.logging.config.file=E:\apache-tomcat-9.0.41-windows-x64\apache-tomcat-9.0.41\conf\logging.properties
25-Jan-2021 16:04:47.169 信息 [main] org.apache.catalina.startup.VersionLoggerListener.log 命令行参数：       -Djava.util.logging.manager=org.apache.juli.ClassLoaderLogManager
25-Jan-2021 16:04:47.169 信息 [main] org.apache.catalina.startup.VersionLoggerListener.log 命令行参数：       -Djdk.tls.ephemeralDHKeySize=2048
25-Jan-2021 16:04:47.169 信息 [main] org.apache.catalina.startup.VersionLoggerListener.log 命令行参数：       -Djava.protocol.handler.pkgs=org.apache.catalina.webresources
25-Jan-2021 16:04:47.169 信息 [main] org.apache.catalina.startup.VersionLoggerListener.log 命令行参数：       -Dignore.endorsed.dirs=
25-Jan-2021 16:04:47.170 信息 [main] org.apache.catalina.startup.VersionLoggerListener.log 命令行参数：       -Dcatalina.base=E:\apache-tomcat-9.0.41-windows-x64\apache-tomcat-9.0.41
25-Jan-2021 16:04:47.170 信息 [main] org.apache.catalina.startup.VersionLoggerListener.log 命令行参数：       -Dcatalina.home=E:\apache-tomcat-9.0.41-windows-x64\apache-tomcat-9.0.41
25-Jan-2021 16:04:47.170 信息 [main] org.apache.catalina.startup.VersionLoggerListener.log 命令行参数：       -Djava.io.tmpdir=E:\apache-tomcat-9.0.41-windows-x64\apache-tomcat-9.0.41\temp
25-Jan-2021 16:04:47.222 信息 [main] org.apache.catalina.core.AprLifecycleListener.lifecycleEvent 使用APR版本[1.7.0]加载了基于APR的Apache Tomcat本机库[1.2.25]。
25-Jan-2021 16:04:47.224 信息 [main] org.apache.catalina.core.AprLifecycleListener.lifecycleEvent APR功能：IPv6[true]、sendfile[true]、accept filters[false]、random[true]。
25-Jan-2021 16:04:47.225 信息 [main] org.apache.catalina.core.AprLifecycleListener.lifecycleEvent APR/OpenSSL配置：useAprConnector[false]，useOpenSSL[true]
25-Jan-2021 16:04:47.245 信息 [main] org.apache.catalina.core.AprLifecycleListener.initializeSSL OpenSSL成功初始化 [OpenSSL 1.1.1g  21 Apr 2020]
25-Jan-2021 16:04:47.486 信息 [main] org.apache.coyote.AbstractProtocol.init 初始化协议处理器 ["http-nio-8080"]
25-Jan-2021 16:04:47.613 信息 [main] org.apache.catalina.startup.Catalina.load 服务器在[625]毫秒内初始化
25-Jan-2021 16:04:47.651 信息 [main] org.apache.catalina.core.StandardService.startInternal 正在启动服务[Catalina]
25-Jan-2021 16:04:47.651 信息 [main] org.apache.catalina.core.StandardEngine.startInternal 正在启动 Servlet 引擎：[Apache Tomcat/9.0.41]
25-Jan-2021 16:04:47.658 信息 [main] org.apache.catalina.startup.HostConfig.deployDirectory 把web 应用程序部署到目录 [E:\apache-tomcat-9.0.41-windows-x64\apache-tomcat-9.0.41\webapps\docs]
25-Jan-2021 16:04:47.852 信息 [main] org.apache.catalina.startup.HostConfig.deployDirectory Web应用程序目录[E:\apache-tomcat-9.0.41-windows-x64\apache-tomcat-9.0.41\webapps\docs]的部署已在[191]毫秒内完成
25-Jan-2021 16:04:47.855 信息 [main] org.apache.catalina.startup.HostConfig.deployDirectory 把web 应用程序部署到目录 [E:\apache-tomcat-9.0.41-windows-x64\apache-tomcat-9.0.41\webapps\examples]
25-Jan-2021 16:04:48.083 信息 [main] org.apache.catalina.startup.HostConfig.deployDirectory Web应用程序目录[E:\apache-tomcat-9.0.41-windows-x64\apache-tomcat-9.0.41\webapps\examples]的部署已在[228]毫秒内完成
25-Jan-2021 16:04:48.087 信息 [main] org.apache.catalina.startup.HostConfig.deployDirectory 把web 应用程序部署到目录 [E:\apache-tomcat-9.0.41-windows-x64\apache-tomcat-9.0.41\webapps\foodie-shop]
25-Jan-2021 16:04:48.106 信息 [main] org.apache.catalina.startup.HostConfig.deployDirectory Web应用程序目录[E:\apache-tomcat-9.0.41-windows-x64\apache-tomcat-9.0.41\webapps\foodie-shop]的部署已在[19]毫秒内完成
25-Jan-2021 16:04:48.109 信息 [main] org.apache.catalina.startup.HostConfig.deployDirectory 把web 应用程序部署到目录 [E:\apache-tomcat-9.0.41-windows-x64\apache-tomcat-9.0.41\webapps\host-manager]
25-Jan-2021 16:04:48.184 信息 [main] org.apache.catalina.startup.HostConfig.deployDirectory Web应用程序目录[E:\apache-tomcat-9.0.41-windows-x64\apache-tomcat-9.0.41\webapps\host-manager]的部署已在[76]毫秒内完成
25-Jan-2021 16:04:48.187 信息 [main] org.apache.catalina.startup.HostConfig.deployDirectory 把web 应用程序部署到目录 [E:\apache-tomcat-9.0.41-windows-x64\apache-tomcat-9.0.41\webapps\manager]
25-Jan-2021 16:04:48.204 信息 [main] org.apache.catalina.startup.HostConfig.deployDirectory Web应用程序目录[E:\apache-tomcat-9.0.41-windows-x64\apache-tomcat-9.0.41\webapps\manager]的部署已在[18]毫秒内完成
25-Jan-2021 16:04:48.207 信息 [main] org.apache.catalina.startup.HostConfig.deployDirectory 把web 应用程序部署到目录 [E:\apache-tomcat-9.0.41-windows-x64\apache-tomcat-9.0.41\webapps\ROOT]
25-Jan-2021 16:04:48.223 信息 [main] org.apache.catalina.startup.HostConfig.deployDirectory Web应用程序目录[E:\apache-tomcat-9.0.41-windows-x64\apache-tomcat-9.0.41\webapps\ROOT]的部署已在[16]毫秒内完成
25-Jan-2021 16:04:48.227 信息 [main] org.apache.coyote.AbstractProtocol.start 开始协议处理句柄["http-nio-8080"]
25-Jan-2021 16:04:48.235 信息 [main] org.apache.catalina.startup.Catalina.start [621]毫秒后服务器启动
