27-Jan-2021 03:53:46.480 信息 [main] org.apache.catalina.startup.VersionLoggerListener.log Server.服务器版本: Apache Tomcat/9.0.41
27-Jan-2021 03:53:46.501 信息 [main] org.apache.catalina.startup.VersionLoggerListener.log 服务器构建:        Dec 3 2020 11:43:00 UTC
27-Jan-2021 03:53:46.501 信息 [main] org.apache.catalina.startup.VersionLoggerListener.log 服务器版本号:      9.0.41.0
27-Jan-2021 03:53:46.503 信息 [main] org.apache.catalina.startup.VersionLoggerListener.log 操作系统名称:      Windows 10
27-Jan-2021 03:53:46.503 信息 [main] org.apache.catalina.startup.VersionLoggerListener.log OS.版本:           10.0
27-Jan-2021 03:53:46.503 信息 [main] org.apache.catalina.startup.VersionLoggerListener.log 架构:              amd64
27-Jan-2021 03:53:46.504 信息 [main] org.apache.catalina.startup.VersionLoggerListener.log Java 环境变量:     C:\Program Files\Java\jdk1.8.0_191\jre
27-Jan-2021 03:53:46.504 信息 [main] org.apache.catalina.startup.VersionLoggerListener.log Java虚拟机版本:    1.8.0_191-b12
27-Jan-2021 03:53:46.504 信息 [main] org.apache.catalina.startup.VersionLoggerListener.log JVM.供应商:        Oracle Corporation
27-Jan-2021 03:53:46.504 信息 [main] org.apache.catalina.startup.VersionLoggerListener.log CATALINA_BASE:     D:\java\code\framework-learn\apache-tomcat-9.0.41
27-Jan-2021 03:53:46.505 信息 [main] org.apache.catalina.startup.VersionLoggerListener.log CATALINA_HOME:     D:\java\code\framework-learn\apache-tomcat-9.0.41
27-Jan-2021 03:53:46.508 信息 [main] org.apache.catalina.startup.VersionLoggerListener.log 命令行参数：       -Djava.util.logging.config.file=D:\java\code\framework-learn\apache-tomcat-9.0.41\conf\logging.properties
27-Jan-2021 03:53:46.508 信息 [main] org.apache.catalina.startup.VersionLoggerListener.log 命令行参数：       -Djava.util.logging.manager=org.apache.juli.ClassLoaderLogManager
27-Jan-2021 03:53:46.508 信息 [main] org.apache.catalina.startup.VersionLoggerListener.log 命令行参数：       -Djdk.tls.ephemeralDHKeySize=2048
27-Jan-2021 03:53:46.509 信息 [main] org.apache.catalina.startup.VersionLoggerListener.log 命令行参数：       -Djava.protocol.handler.pkgs=org.apache.catalina.webresources
27-Jan-2021 03:53:46.509 信息 [main] org.apache.catalina.startup.VersionLoggerListener.log 命令行参数：       -Dignore.endorsed.dirs=
27-Jan-2021 03:53:46.510 信息 [main] org.apache.catalina.startup.VersionLoggerListener.log 命令行参数：       -Dcatalina.base=D:\java\code\framework-learn\apache-tomcat-9.0.41
27-Jan-2021 03:53:46.534 信息 [main] org.apache.catalina.startup.VersionLoggerListener.log 命令行参数：       -Dcatalina.home=D:\java\code\framework-learn\apache-tomcat-9.0.41
27-Jan-2021 03:53:46.535 信息 [main] org.apache.catalina.startup.VersionLoggerListener.log 命令行参数：       -Djava.io.tmpdir=D:\java\code\framework-learn\apache-tomcat-9.0.41\temp
27-Jan-2021 03:53:46.543 信息 [main] org.apache.catalina.core.AprLifecycleListener.lifecycleEvent 使用APR版本[1.7.0]加载了基于APR的Apache Tomcat本机库[1.2.25]。
27-Jan-2021 03:53:46.550 信息 [main] org.apache.catalina.core.AprLifecycleListener.lifecycleEvent APR功能：IPv6[true]、sendfile[true]、accept filters[false]、random[true]。
27-Jan-2021 03:53:46.551 信息 [main] org.apache.catalina.core.AprLifecycleListener.lifecycleEvent APR/OpenSSL配置：useAprConnector[false]，useOpenSSL[true]
27-Jan-2021 03:53:46.558 信息 [main] org.apache.catalina.core.AprLifecycleListener.initializeSSL OpenSSL成功初始化 [OpenSSL 1.1.1g  21 Apr 2020]
27-Jan-2021 03:53:47.341 信息 [main] org.apache.coyote.AbstractProtocol.init 初始化协议处理器 ["http-nio-8080"]
27-Jan-2021 03:53:48.838 信息 [main] org.apache.catalina.startup.Catalina.load 服务器在[2814]毫秒内初始化
27-Jan-2021 03:53:48.882 信息 [main] org.apache.catalina.core.StandardService.startInternal 正在启动服务[Catalina]
27-Jan-2021 03:53:48.883 信息 [main] org.apache.catalina.core.StandardEngine.startInternal 正在启动 Servlet 引擎：[Apache Tomcat/9.0.41]
27-Jan-2021 03:53:48.903 信息 [main] org.apache.catalina.startup.HostConfig.deployDirectory 把web 应用程序部署到目录 [D:\java\code\framework-learn\apache-tomcat-9.0.41\webapps\docs]
27-Jan-2021 03:53:49.249 信息 [main] org.apache.catalina.startup.HostConfig.deployDirectory Web应用程序目录[D:\java\code\framework-learn\apache-tomcat-9.0.41\webapps\docs]的部署已在[341]毫秒内完成
27-Jan-2021 03:53:49.261 信息 [main] org.apache.catalina.startup.HostConfig.deployDirectory 把web 应用程序部署到目录 [D:\java\code\framework-learn\apache-tomcat-9.0.41\webapps\examples]
27-Jan-2021 03:53:49.631 信息 [main] org.apache.catalina.startup.HostConfig.deployDirectory Web应用程序目录[D:\java\code\framework-learn\apache-tomcat-9.0.41\webapps\examples]的部署已在[370]毫秒内完成
27-Jan-2021 03:53:49.639 信息 [main] org.apache.catalina.startup.HostConfig.deployDirectory 把web 应用程序部署到目录 [D:\java\code\framework-learn\apache-tomcat-9.0.41\webapps\foodie-shop]
27-Jan-2021 03:53:49.672 信息 [main] org.apache.catalina.startup.HostConfig.deployDirectory Web应用程序目录[D:\java\code\framework-learn\apache-tomcat-9.0.41\webapps\foodie-shop]的部署已在[33]毫秒内完成
27-Jan-2021 03:53:49.673 信息 [main] org.apache.catalina.startup.HostConfig.deployDirectory 把web 应用程序部署到目录 [D:\java\code\framework-learn\apache-tomcat-9.0.41\webapps\host-manager]
27-Jan-2021 03:53:49.715 信息 [main] org.apache.catalina.startup.HostConfig.deployDirectory Web应用程序目录[D:\java\code\framework-learn\apache-tomcat-9.0.41\webapps\host-manager]的部署已在[42]毫秒内完成
27-Jan-2021 03:53:49.724 信息 [main] org.apache.catalina.startup.HostConfig.deployDirectory 把web 应用程序部署到目录 [D:\java\code\framework-learn\apache-tomcat-9.0.41\webapps\manager]
27-Jan-2021 03:53:49.765 信息 [main] org.apache.catalina.startup.HostConfig.deployDirectory Web应用程序目录[D:\java\code\framework-learn\apache-tomcat-9.0.41\webapps\manager]的部署已在[41]毫秒内完成
27-Jan-2021 03:53:49.775 信息 [main] org.apache.catalina.startup.HostConfig.deployDirectory 把web 应用程序部署到目录 [D:\java\code\framework-learn\apache-tomcat-9.0.41\webapps\ROOT]
27-Jan-2021 03:53:49.806 信息 [main] org.apache.catalina.startup.HostConfig.deployDirectory Web应用程序目录[D:\java\code\framework-learn\apache-tomcat-9.0.41\webapps\ROOT]的部署已在[30]毫秒内完成
27-Jan-2021 03:53:49.821 信息 [main] org.apache.coyote.AbstractProtocol.start 开始协议处理句柄["http-nio-8080"]
27-Jan-2021 03:53:49.831 信息 [main] org.apache.catalina.startup.Catalina.start [991]毫秒后服务器启动
